<?xml version="1.0" encoding="UTF-8"?>
<!-- Generated by org.testng.reporters.JUnitReportReporter -->
<testsuite hostname="Kathys-MacBook-Air.local" failures="0" tests="1" name="com.class2.SoftAssertionsDemo" time="9.339" errors="0" timestamp="2020-01-12T12:38:37 EST" skipped="0">
  <testcase classname="com.class2.SoftAssertionsDemo" name="LogoAndLogin" time="9.339"/>
</testsuite> <!-- com.class2.SoftAssertionsDemo -->
