<?xml version="1.0" encoding="UTF-8"?>
<!-- Generated by org.testng.reporters.JUnitReportReporter -->
<testsuite hostname="Kathys-MacBook-Air.local" failures="0" tests="2" name="com.class2.Priority" time="14.853" errors="0" timestamp="2020-01-12T14:17:00 EST" skipped="1">
  <testcase classname="com.class2.Priority" name="negativeLogin" time="14.853"/>
  <testcase classname="com.class2.Priority" name="LoginCredentials">
    <skipped/>
  </testcase> <!-- LoginCredentials -->
</testsuite> <!-- com.class2.Priority -->
