<?xml version="1.0" encoding="UTF-8"?>
<!-- Generated by org.testng.reporters.JUnitReportReporter -->
<testsuite hostname="Kathys-MacBook-Air.local" failures="0" tests="1" name="com.class1.DifferentAnnotations" time="0.013" errors="0" timestamp="2020-03-04T12:19:39 EST" skipped="0">
  <testcase classname="com.class1.DifferentAnnotations" name="test" time="0.013"/>
</testsuite> <!-- com.class1.DifferentAnnotations -->
