<?xml version="1.0" encoding="UTF-8"?>
<!-- Generated by org.testng.reporters.JUnitReportReporter -->
<testsuite hostname="Kathys-MacBook-Air.local" failures="0" tests="6" name="com.class1.TestNGDemo" time="0.054" errors="0" timestamp="2020-01-11T14:09:08 EST" skipped="0">
  <testcase classname="com.class1.TestNGDemo" name="tesTwo" time="0.023"/>
  <testcase classname="com.class1.TestNGDemo" name="Marisol" time="0.004"/>
  <testcase classname="com.class1.TestNGDemo" name="Erick" time="0.013"/>
  <testcase classname="com.class1.TestNGDemo" name="tesThree" time="0.005"/>
  <testcase classname="com.class1.TestNGDemo" name="testOne" time="0.003"/>
  <testcase classname="com.class1.TestNGDemo" name="Kathy" time="0.006"/>
</testsuite> <!-- com.class1.TestNGDemo -->
