<?xml version="1.0" encoding="UTF-8"?>
<!-- Generated by org.testng.reporters.JUnitReportReporter -->
<testsuite hostname="Kathys-MacBook-Air.local" failures="0" tests="1" name="com.class2.TCAssertions" time="15.205" errors="0" timestamp="2020-01-12T13:07:41 EST" skipped="0">
  <testcase classname="com.class2.TCAssertions" name="task" time="15.205"/>
</testsuite> <!-- com.class2.TCAssertions -->
