<?xml version="1.0" encoding="UTF-8"?>
<!-- Generated by org.testng.reporters.JUnitReportReporter -->
<testsuite hostname="kathys-air.lan" failures="0" tests="1" name="com.class2.TCAssertions" time="11.327" errors="0" timestamp="2020-01-14T11:33:34 EST" skipped="0">
  <testcase classname="com.class2.TCAssertions" name="task" time="11.327"/>
</testsuite> <!-- com.class2.TCAssertions -->
