<?xml version="1.0" encoding="UTF-8"?>
<!-- Generated by org.testng.reporters.JUnitReportReporter -->
<testsuite hostname="kathys-air.lan" failures="0" tests="1" name="com.class1.HW" time="6.890" errors="0" timestamp="2020-01-14T11:55:45 EST" skipped="0">
  <testcase classname="com.class1.HW" name="LoginCredentials" time="6.890"/>
</testsuite> <!-- com.class1.HW -->
