<?xml version="1.0" encoding="UTF-8"?>
<!-- Generated by org.testng.reporters.JUnitReportReporter -->
<testsuite hostname="Kathys-MacBook-Air.local" failures="0" tests="2" name="com.class4.LoginAndTitle" time="11.742" errors="0" timestamp="2020-01-19T12:48:23 EST" skipped="0">
  <testcase classname="com.class4.LoginAndTitle" name="titleValidation" time="6.495"/>
  <testcase classname="com.class4.LoginAndTitle" name="logoValidation" time="5.247"/>
</testsuite> <!-- com.class4.LoginAndTitle -->
