<?xml version="1.0" encoding="UTF-8"?>
<!-- Generated by org.testng.reporters.JUnitReportReporter -->
<testsuite hostname="Kathys-MacBook-Air.local" failures="0" tests="2" name="com.class1.Task1" time="0.017" errors="0" timestamp="2020-01-11T14:30:49 EST" skipped="0">
  <testcase classname="com.class1.Task1" name="test" time="0.013"/>
  <testcase classname="com.class1.Task1" name="test2" time="0.004"/>
</testsuite> <!-- com.class1.Task1 -->
