<?xml version="1.0" encoding="UTF-8"?>
<!-- Generated by org.testng.reporters.JUnitReportReporter -->
<testsuite hostname="Kathys-MacBook-Air.local" failures="0" tests="1" name="com.class1.Task2" time="5.809" errors="0" timestamp="2020-01-12T00:20:13 EST" skipped="0">
  <testcase classname="com.class1.Task2" name="negativeLogin" time="5.809"/>
</testsuite> <!-- com.class1.Task2 -->
